<?xml version="1.0" encoding="UTF-8"?>
<!-- Generated by org.testng.reporters.JUnitReportReporter -->
<testsuite hostname="DESKTOP-ROEA4C4" name="testcase.TT" tests="3" failures="0" timestamp="2 Jun 2020 08:11:37 GMT" time="440.804" errors="0">
  <testcase name="FormCFrro" time="156.458" classname="testcase.TT"/>
  <testcase name="FormCFrro" time="142.545" classname="testcase.TT"/>
  <testcase name="FormCFrro" time="141.801" classname="testcase.TT"/>
</testsuite> <!-- testcase.TT -->
